<?xml version="1.0" encoding="UTF-8"?>
<!-- Generated by org.testng.reporters.JUnitReportReporter -->
<testsuite skipped="0" hostname="DESKTOP-CV1K4J5" name="com.training.sanity.tests.CourseCatalogTest" tests="1" failures="0" timestamp="14 Jan 2019 06:29:37 GMT" time="20.551" errors="0">
  <testcase name="searchCatalogTest" time="20.551" classname="com.training.sanity.tests.CourseCatalogTest"/>
</testsuite> <!-- com.training.sanity.tests.CourseCatalogTest -->
