<?xml version="1.0" encoding="UTF-8"?>
<!-- Generated by org.testng.reporters.JUnitReportReporter -->
<testsuite skipped="0" hostname="DESKTOP-CV1K4J5" name="com.training.sanity.tests.LoginTests" tests="1" failures="0" timestamp="26 Jan 2019 06:54:44 GMT" time="23.584" errors="0">
  <testcase name="validLoginTest" time="23.584" classname="com.training.sanity.tests.LoginTests"/>
</testsuite> <!-- com.training.sanity.tests.LoginTests -->
