<?xml version="1.0" encoding="UTF-8"?>
<!-- Generated by org.testng.reporters.JUnitReportReporter -->
<testsuite skipped="0" hostname="DESKTOP-CV1K4J5" name="com.training.sanity.tests.ExcelReadTest" tests="2" failures="0" timestamp="23 Jan 2019 05:22:03 GMT" time="9.527" errors="0">
  <testcase name="studentLogout" time="3.640" classname="com.training.sanity.tests.ExcelReadTest"/>
  <testcase name="studentLogout" time="5.887" classname="com.training.sanity.tests.ExcelReadTest"/>
</testsuite> <!-- com.training.sanity.tests.ExcelReadTest -->
