<?xml version="1.0" encoding="UTF-8"?>
<!-- Generated by org.testng.reporters.JUnitReportReporter -->
<testsuite skipped="0" hostname="DESKTOP-CV1K4J5" name="com.training.sanity.tests.StudentCourseDetailsTest" tests="1" failures="0" timestamp="14 Jan 2019 06:31:43 GMT" time="10.152" errors="0">
  <testcase name="searchCatalogTest" time="10.152" classname="com.training.sanity.tests.StudentCourseDetailsTest"/>
</testsuite> <!-- com.training.sanity.tests.StudentCourseDetailsTest -->
