<?xml version="1.0" encoding="UTF-8"?>
<!-- Generated by org.testng.reporters.JUnitReportReporter -->
<testsuite skipped="0" hostname="DESKTOP-CV1K4J5" name="com.training.sanity.tests.CreateMultipleCategoryTest" tests="5" failures="0" timestamp="29 Jan 2019 11:38:24 GMT" time="76.584" errors="0">
  <testcase name="aLogin" time="12.959" classname="com.training.sanity.tests.CreateMultipleCategoryTest"/>
  <testcase name="addMultipleCategories" time="19.183" classname="com.training.sanity.tests.CreateMultipleCategoryTest"/>
  <testcase name="addMultipleCategories" time="9.511" classname="com.training.sanity.tests.CreateMultipleCategoryTest"/>
  <testcase name="addMultipleCategories" time="12.853" classname="com.training.sanity.tests.CreateMultipleCategoryTest"/>
  <testcase name="addMultipleCategories" time="22.078" classname="com.training.sanity.tests.CreateMultipleCategoryTest"/>
</testsuite> <!-- com.training.sanity.tests.CreateMultipleCategoryTest -->
