<?xml version="1.0" encoding="UTF-8"?>
<!-- Generated by org.testng.reporters.JUnitReportReporter -->
<testsuite skipped="0" hostname="DESKTOP-CV1K4J5" name="com.training.sanity.tests.StudentTakeTest" tests="2" failures="0" timestamp="21 Jan 2019 06:33:25 GMT" time="19.511" errors="0">
  <testcase name="studentLogin" time="3.520" classname="com.training.sanity.tests.StudentTakeTest"/>
  <testcase name="studentTakeTest" time="15.991" classname="com.training.sanity.tests.StudentTakeTest"/>
</testsuite> <!-- com.training.sanity.tests.StudentTakeTest -->
