<?xml version="1.0" encoding="UTF-8"?>
<!-- Generated by org.testng.reporters.JUnitReportReporter -->
<testsuite skipped="0" hostname="DESKTOP-CV1K4J5" name="com.training.sanity.tests.UploadAssignmentTest" tests="2" failures="0" timestamp="21 Jan 2019 06:23:25 GMT" time="14.293" errors="0">
  <testcase name="studentLogin" time="3.088" classname="com.training.sanity.tests.UploadAssignmentTest"/>
  <testcase name="uploadAssignment" time="11.205" classname="com.training.sanity.tests.UploadAssignmentTest"/>
</testsuite> <!-- com.training.sanity.tests.UploadAssignmentTest -->
