<?xml version="1.0" encoding="UTF-8"?>
<!-- Generated by org.testng.reporters.JUnitReportReporter -->
<testsuite skipped="0" hostname="DESKTOP-CV1K4J5" name="com.training.sanity.tests.StudentEditPasswordTest" tests="2" failures="0" timestamp="14 Jan 2019 07:11:25 GMT" time="11.936" errors="0">
  <testcase name="studentLoginTest" time="8.851" classname="com.training.sanity.tests.StudentEditPasswordTest"/>
  <testcase name="editPasswordTest" time="3.085" classname="com.training.sanity.tests.StudentEditPasswordTest"/>
</testsuite> <!-- com.training.sanity.tests.StudentEditPasswordTest -->
