<?xml version="1.0" encoding="UTF-8"?>
<!-- Generated by org.testng.reporters.JUnitReportReporter -->
<testsuite skipped="0" hostname="DESKTOP-CV1K4J5" name="com.training.sanity.tests.ChatWithMemberTest" tests="2" failures="0" timestamp="21 Jan 2019 06:12:06 GMT" time="17.669" errors="0">
  <testcase name="studentLogin" time="3.108" classname="com.training.sanity.tests.ChatWithMemberTest"/>
  <testcase name="sendMessage" time="14.561" classname="com.training.sanity.tests.ChatWithMemberTest"/>
</testsuite> <!-- com.training.sanity.tests.ChatWithMemberTest -->
