<?xml version="1.0" encoding="UTF-8"?>
<!-- Generated by org.testng.reporters.JUnitReportReporter -->
<testsuite skipped="0" hostname="DESKTOP-CV1K4J5" name="com.training.sanity.tests.CreateThreadTest" tests="2" failures="0" timestamp="21 Jan 2019 06:34:56 GMT" time="36.749" errors="0">
  <testcase name="studentLogin" time="3.576" classname="com.training.sanity.tests.CreateThreadTest"/>
  <testcase name="uploadAssignment" time="33.173" classname="com.training.sanity.tests.CreateThreadTest"/>
</testsuite> <!-- com.training.sanity.tests.CreateThreadTest -->
