<?xml version="1.0" encoding="UTF-8"?>
<!-- Generated by org.testng.reporters.JUnitReportReporter -->
<testsuite skipped="0" hostname="DESKTOP-CV1K4J5" name="com.training.sanity.tests.CourseCatalogTest" tests="1" failures="0" timestamp="21 Jan 2019 06:11:29 GMT" time="23.514" errors="0">
  <testcase name="searchCatalogTest" time="23.514" classname="com.training.sanity.tests.CourseCatalogTest"/>
</testsuite> <!-- com.training.sanity.tests.CourseCatalogTest -->
