<?xml version="1.0" encoding="UTF-8"?>
<!-- Generated by org.testng.reporters.JUnitReportReporter -->
<testsuite skipped="0" hostname="DESKTOP-CV1K4J5" name="com.training.sanity.tests.AdminReviewStudentTest" tests="1" failures="0" timestamp="06 Feb 2019 07:27:10 GMT" time="131.238" errors="0">
  <testcase name="adminReviewTest" time="131.238" classname="com.training.sanity.tests.AdminReviewStudentTest"/>
</testsuite> <!-- com.training.sanity.tests.AdminReviewStudentTest -->
