<?xml version="1.0" encoding="UTF-8"?>
<!-- Generated by org.testng.reporters.JUnitReportReporter -->
<testsuite skipped="0" hostname="DESKTOP-CV1K4J5" name="com.training.sanity.tests.StudentTakeAssessment" tests="2" failures="0" timestamp="21 Jan 2019 06:33:59 GMT" time="17.587" errors="0">
  <testcase name="studentLogin" time="3.411" classname="com.training.sanity.tests.StudentTakeAssessment"/>
  <testcase name="studentTakeTest" time="14.176" classname="com.training.sanity.tests.StudentTakeAssessment"/>
</testsuite> <!-- com.training.sanity.tests.StudentTakeAssessment -->
