<?xml version="1.0" encoding="UTF-8"?>
<!-- Generated by org.testng.reporters.JUnitReportReporter -->
<testsuite skipped="0" hostname="DESKTOP-CV1K4J5" name="com.training.sanity.tests.SampleTest" tests="1" failures="0" timestamp="17 Jan 2019 06:35:31 GMT" time="32.102" errors="0">
  <testcase name="validLoginTest" time="32.102" classname="com.training.sanity.tests.SampleTest"/>
</testsuite> <!-- com.training.sanity.tests.SampleTest -->
