<?xml version="1.0" encoding="UTF-8"?>
<!-- Generated by org.testng.reporters.JUnitReportReporter -->
<testsuite skipped="0" hostname="DESKTOP-CV1K4J5" name="com.training.sanity.tests.StudentLogoutTest" tests="1" failures="0" timestamp="26 Jan 2019 06:52:17 GMT" time="12.708" errors="0">
  <testcase name="studentLogout" time="12.708" classname="com.training.sanity.tests.StudentLogoutTest"/>
</testsuite> <!-- com.training.sanity.tests.StudentLogoutTest -->
