<?xml version="1.0" encoding="UTF-8"?>
<!-- Generated by org.testng.reporters.JUnitReportReporter -->
<testsuite skipped="0" hostname="DESKTOP-CV1K4J5" name="com.training.sanity.tests.StudentLogoutTest" tests="1" failures="0" timestamp="14 Jan 2019 06:35:11 GMT" time="8.012" errors="0">
  <testcase name="studentLogout" time="8.012" classname="com.training.sanity.tests.StudentLogoutTest"/>
</testsuite> <!-- com.training.sanity.tests.StudentLogoutTest -->
