<?xml version="1.0" encoding="UTF-8"?>
<!-- Generated by org.testng.reporters.JUnitReportReporter -->
<testsuite skipped="0" hostname="DESKTOP-CV1K4J5" name="com.training.sanity.tests.TeacherPasswordResetTest" tests="2" failures="0" timestamp="14 Jan 2019 10:50:30 GMT" time="61.826" errors="0">
  <testcase name="resetPasswordTest" time="51.393" classname="com.training.sanity.tests.TeacherPasswordResetTest"/>
  <testcase name="testTeacherLogin" time="10.433" classname="com.training.sanity.tests.TeacherPasswordResetTest"/>
</testsuite> <!-- com.training.sanity.tests.TeacherPasswordResetTest -->
