<?xml version="1.0" encoding="UTF-8"?>
<!-- Generated by org.testng.reporters.JUnitReportReporter -->
<testsuite skipped="0" hostname="DESKTOP-CV1K4J5" name="com.training.sanity.tests.AdminCategoryDBTest" tests="3" failures="0" timestamp="31 Jan 2019 06:33:50 GMT" time="98.441" errors="0">
  <testcase name="aLogin" time="10.874" classname="com.training.sanity.tests.AdminCategoryDBTest"/>
  <testcase name="verifyDB" time="74.513" classname="com.training.sanity.tests.AdminCategoryDBTest"/>
  <testcase name="verifyDB" time="13.054" classname="com.training.sanity.tests.AdminCategoryDBTest"/>
</testsuite> <!-- com.training.sanity.tests.AdminCategoryDBTest -->
