<?xml version="1.0" encoding="UTF-8"?>
<!-- Generated by org.testng.reporters.JUnitReportReporter -->
<testsuite skipped="0" hostname="DESKTOP-CV1K4J5" name="com.training.regression.tests.LoginDBTest" tests="2" failures="0" timestamp="30 Jan 2019 11:52:04 GMT" time="32.060" errors="0">
  <testcase name="loginDBTest" time="14.390" classname="com.training.regression.tests.LoginDBTest"/>
  <testcase name="loginDBTest" time="17.670" classname="com.training.regression.tests.LoginDBTest"/>
</testsuite> <!-- com.training.regression.tests.LoginDBTest -->
