<?xml version="1.0" encoding="UTF-8"?>
<!-- Generated by org.testng.reporters.JUnitReportReporter -->
<testsuite skipped="0" hostname="DESKTOP-CV1K4J5" name="com.training.sanity.tests.CourseCatalog" tests="1" failures="0" timestamp="08 Jan 2019 10:40:37 GMT" time="18.573" errors="0">
  <testcase name="editPasswordTest" time="18.573" classname="com.training.sanity.tests.CourseCatalog"/>
</testsuite> <!-- com.training.sanity.tests.CourseCatalog -->
